2025-01-12 17:35:54,308 - INFO - 开始爬取今日头条文章...
2025-01-12 17:35:54,632 - INFO - API响应状态码: 200
2025-01-12 17:35:54,633 - INFO - API响应预览: {"data":[{"ClusterId":7458659289143033906,"Title":"研究：定期换筷子可降低胃癌发病率","LabelUrl":"","Label":"","Url":"https://www.toutiao.com/trending/7458659289143033906/?category_name=topic_innerflow\u0026event_type=hot_board\u0026log_pb=%7B%22category_name%22%3A%22topic_innerflow%22%2C%22cluster_type%22%3A%226%22...
2025-01-12 17:35:54,636 - INFO - 成功抓取文章: 研究：定期换筷子可降低胃癌发病率 (热度: 8515417)
2025-01-12 17:35:54,636 - INFO - 成功抓取文章: 吴海龙：六代机试飞后美军说要和平 (热度: 7705067)
2025-01-12 17:35:54,636 - INFO - 成功抓取文章: 何以开门红？新意满满 (热度: 6971833)
2025-01-12 17:35:54,641 - INFO - 成功抓取文章: 重庆观音桥步行街观赏鱼大片死亡 (热度: 6308375)
2025-01-12 17:35:54,641 - INFO - 成功抓取文章: 成都天空现大量不明发光物 (热度: 5708054)
2025-01-12 17:35:54,641 - INFO - 成功抓取文章: “肥娟小吃”店主闭店休息被偶遇 (热度: 5164861)
2025-01-12 17:35:54,641 - INFO - 成功抓取文章: 四只警犬被通报：上班摸鱼到处尿尿 (热度: 4673359)
2025-01-12 17:35:54,641 - INFO - 成功抓取文章: 表弟看望远嫁表姐后离开 表姐落泪 (热度: 4228630)
2025-01-12 17:35:54,641 - INFO - 成功抓取文章: 王守义十三香给员工发华为Mate60 (热度: 3826223)
2025-01-12 17:35:54,641 - INFO - 成功抓取文章: 沪上阿姨已获境外上市备案通知书 (热度: 3462110)
2025-01-12 17:35:54,641 - INFO - 成功抓取文章: 《甄执》晚会被吐槽吃相难看 (热度: 3132646)
2025-01-12 17:35:54,641 - INFO - 成功抓取文章: 沈腾蹲下为赵丽颖整理裙摆被调侃 (热度: 2834536)
2025-01-12 17:35:54,641 - INFO - 成功抓取文章: 费翔抽中了汤唯父亲的墨宝 (热度: 2564794)
2025-01-12 17:35:54,641 - INFO - 成功抓取文章: 高叶怎么穿着钢笔就上去了 (热度: 2320721)
2025-01-12 17:35:54,641 - INFO - 成功抓取文章: 离婚限号？多地辟谣 (热度: 2099875)
2025-01-12 17:35:54,641 - INFO - 成功抓取文章: 黄子韬送车后掉粉近300万 (热度: 1900046)
2025-01-12 17:35:54,641 - INFO - 成功抓取文章: 老人进女厕趴地偷窥被逮个正着 (热度: 1719233)
2025-01-12 17:35:54,642 - INFO - 成功抓取文章: 36岁喜公公在门口行“蹦Q礼”迎宾 (热度: 1555626)
2025-01-12 17:35:54,642 - INFO - 成功抓取文章: 美媒：特朗普若入侵 丹麦不如找律师 (热度: 1407588)
2025-01-12 17:35:54,642 - INFO - 成功抓取文章: 郑州市委原书记徐立毅已调离河南 (热度: 1273639)
2025-01-12 17:35:54,642 - INFO - 成功抓取文章: 上海老人谈养老 (热度: 1152436)
2025-01-12 17:35:54,642 - INFO - 成功抓取文章: 特朗普为何盯上格陵兰岛 (热度: 1042767)
2025-01-12 17:35:54,642 - INFO - 成功抓取文章: 肖战再现躲C位名场面 (热度: 943535)
2025-01-12 17:35:54,642 - INFO - 成功抓取文章: 两中国姑娘在日身亡 事发地被指危险 (热度: 853745)
2025-01-12 17:35:54,642 - INFO - 成功抓取文章: 孙俪晒女儿为自己画的肖像 (热度: 772501)
2025-01-12 17:35:54,642 - INFO - 成功抓取文章: 沈腾教科书般表演获奖时的精神状态 (热度: 698987)
2025-01-12 17:35:54,642 - INFO - 成功抓取文章: 肥娟小吃爆火后网红“不请自来” (热度: 632470)
2025-01-12 17:35:54,642 - INFO - 成功抓取文章: 仰望U9在游客围观拍摄中“蹦迪” (热度: 572282)
2025-01-12 17:35:54,642 - INFO - 成功抓取文章: 闫妮李冰冰不会扫码加微信求助沈腾 (热度: 517823)
2025-01-12 17:35:54,642 - INFO - 成功抓取文章: 被停职的尹锡悦薪资上涨3%遭质疑 (热度: 468545)
2025-01-12 17:35:54,642 - INFO - 成功抓取文章: 《蛟龙行动》全新特辑曝光 (热度: 423957)
2025-01-12 17:35:54,642 - INFO - 成功抓取文章: “肥娟夫妻”将给福利院捐食物 (热度: 383612)
2025-01-12 17:35:54,642 - INFO - 成功抓取文章: 被推坠崖孕妇要到70岁才能离婚吗 (热度: 347107)
2025-01-12 17:35:54,642 - INFO - 成功抓取文章: 被小朋友的这段话治愈了 (热度: 314075)
2025-01-12 17:35:54,643 - INFO - 成功抓取文章: 郑钦文：给今天的表现打70分 (热度: 284187)
2025-01-12 17:35:54,643 - INFO - 成功抓取文章: 胡塞称第5次袭击美军杜鲁门号航母 (热度: 257143)
2025-01-12 17:35:54,643 - INFO - 成功抓取文章: 象棋录音门调查结果公布 (热度: 232672)
2025-01-12 17:35:54,643 - INFO - 成功抓取文章: 多部门权威回应近期流感问题 (热度: 210531)
2025-01-12 17:35:54,643 - INFO - 成功抓取文章: 周鸿t准备给粉丝送车 (热度: 190496)
2025-01-12 17:35:54,643 - INFO - 成功抓取文章: 周深现场吃瓜发现镜头切到自己 (热度: 172368)
2025-01-12 17:35:54,643 - INFO - 成功抓取文章: 广东天气干到破纪录 (热度: 155965)
2025-01-12 17:35:54,643 - INFO - 成功抓取文章: 王祉怡获马来西亚公开赛女单亚军 (热度: 141123)
2025-01-12 17:35:54,643 - INFO - 成功抓取文章: 武汉疾控：不建议自行服用抗流感药 (热度: 127693)
2025-01-12 17:35:54,643 - INFO - 成功抓取文章: 女子花400元找微商打瘦肩针中毒 (热度: 115541)
2025-01-12 17:35:54,643 - INFO - 成功抓取文章: 象棋大师党斐回应被禁赛3年 (热度: 104546)
2025-01-12 17:35:54,643 - INFO - 成功抓取文章: 高速多辆汽车连环追尾 有车起火 (热度: 94597)
2025-01-12 17:35:54,643 - INFO - 成功抓取文章: 德极右翼候选人称将“关闭国门” (热度: 85595)
2025-01-12 17:35:54,643 - INFO - 成功抓取文章: 多地现不明发光飞行物 官方回应 (热度: 77450)
2025-01-12 17:35:54,643 - INFO - 成功抓取文章: 王楚钦和马龙樊振东击掌道别 (热度: 70079)
2025-01-12 17:35:54,643 - INFO - 成功抓取文章: 间谍企图窃取我海岛军事秘密被抓 (热度: 63410)
2025-01-12 17:35:54,690 - INFO - 数据已保存到 toutiao_articles.xlsx
2025-01-12 17:35:54,690 - INFO - URL示例: =HYPERLINK("https://www.toutiao.com/trending/7458659289143033906","点击查看")
2025-01-12 17:35:54,690 - INFO - 共爬取到 50 篇文章
