2025-01-12 17:43:14,898 - INFO - 开始爬取今日头条文章...
2025-01-12 17:43:15,261 - INFO - API响应状态码: 200
2025-01-12 17:43:15,261 - INFO - API响应预览: {"data":[{"ClusterId":7458659289143033906,"Title":"研究：定期换筷子可降低胃癌发病率","LabelUrl":"","Label":"","Url":"https://www.toutiao.com/trending/7458659289143033906/?category_name=topic_innerflow\u0026event_type=hot_board\u0026log_pb=%7B%22category_name%22%3A%22topic_innerflow%22%2C%22cluster_type%22%3A%226%22...
2025-01-12 17:43:15,262 - INFO - 成功抓取文章: 研究：定期换筷子可降低胃癌发病率 (热度: 8591271)
2025-01-12 17:43:15,263 - INFO - 成功抓取文章: 吴海龙：六代机试飞后美军说要和平 (热度: 7773703)
2025-01-12 17:43:15,263 - INFO - 成功抓取文章: 何以开门红？新意满满 (热度: 7033938)
2025-01-12 17:43:15,274 - INFO - 成功抓取文章: 重庆观音桥步行街观赏鱼大片死亡 (热度: 6364570)
2025-01-12 17:43:15,274 - INFO - 成功抓取文章: 成都天空现大量不明发光物 (热度: 5758901)
2025-01-12 17:43:15,274 - INFO - 成功抓取文章: 四只警犬被通报：上班摸鱼到处尿尿 (热度: 5210869)
2025-01-12 17:43:15,274 - INFO - 成功抓取文章: 表弟看望远嫁表姐后离开 表姐落泪 (热度: 4714989)
2025-01-12 17:43:15,274 - INFO - 成功抓取文章: 王守义十三香给员工发华为Mate60 (热度: 4266299)
2025-01-12 17:43:15,274 - INFO - 成功抓取文章: 除夕火车票即将开售 (热度: 3860307)
2025-01-12 17:43:15,274 - INFO - 成功抓取文章: 肥娟小吃爆火后网红“不请自来” (热度: 3492950)
2025-01-12 17:43:15,274 - INFO - 成功抓取文章: 费翔抽中了汤唯父亲的墨宝 (热度: 3160552)
2025-01-12 17:43:15,274 - INFO - 成功抓取文章: 《甄执》晚会被吐槽吃相难看 (热度: 2859785)
2025-01-12 17:43:15,274 - INFO - 成功抓取文章: 沈腾蹲下为赵丽颖整理裙摆被调侃 (热度: 2587641)
2025-01-12 17:43:15,274 - INFO - 成功抓取文章: 黄子韬送车后掉粉近300万 (热度: 2341394)
2025-01-12 17:43:15,274 - INFO - 成功抓取文章: 离婚限号？多地辟谣 (热度: 2118581)
2025-01-12 17:43:15,274 - INFO - 成功抓取文章: 高叶怎么穿着钢笔就上去了 (热度: 1916971)
2025-01-12 17:43:15,274 - INFO - 成功抓取文章: 老人进女厕趴地偷窥被逮个正着 (热度: 1734547)
2025-01-12 17:43:15,274 - INFO - 成功抓取文章: 36岁喜公公在门口行“蹦Q礼”迎宾 (热度: 1569483)
2025-01-12 17:43:15,274 - INFO - 成功抓取文章: 两中国姑娘在日身亡 事发地被指危险 (热度: 1420127)
2025-01-12 17:43:15,275 - INFO - 成功抓取文章: 美媒：特朗普若入侵 丹麦不如找律师 (热度: 1284984)
2025-01-12 17:43:15,275 - INFO - 成功抓取文章: 郑州市委原书记徐立毅已调离河南 (热度: 1162702)
2025-01-12 17:43:15,275 - INFO - 成功抓取文章: 沈腾教科书般表演获奖时的精神状态 (热度: 1052056)
2025-01-12 17:43:15,275 - INFO - 成功抓取文章: 特朗普为何盯上格陵兰岛 (热度: 951939)
2025-01-12 17:43:15,275 - INFO - 成功抓取文章: 仰望U9在游客围观拍摄中“蹦迪” (热度: 861350)
2025-01-12 17:43:15,275 - INFO - 成功抓取文章: 中疾控专家：未出现新发传染病 (热度: 779382)
2025-01-12 17:43:15,275 - INFO - 成功抓取文章: 肖战再现躲C位名场面 (热度: 705214)
2025-01-12 17:43:15,275 - INFO - 成功抓取文章: 孙俪晒女儿为自己画的肖像 (热度: 638104)
2025-01-12 17:43:15,275 - INFO - 成功抓取文章: “肥娟小吃”店主闭店休息被偶遇 (热度: 577380)
2025-01-12 17:43:15,275 - INFO - 成功抓取文章: 闫妮李冰冰不会扫码加微信求助沈腾 (热度: 522435)
2025-01-12 17:43:15,275 - INFO - 成功抓取文章: 被停职的尹锡悦薪资上涨3%遭质疑 (热度: 472719)
2025-01-12 17:43:15,275 - INFO - 成功抓取文章: 上海老人谈养老 (热度: 427734)
2025-01-12 17:43:15,275 - INFO - 成功抓取文章: 被推坠崖孕妇要到70岁才能离婚吗 (热度: 387029)
2025-01-12 17:43:15,275 - INFO - 成功抓取文章: 春运可以根据大数据精准调控运力了 (热度: 350199)
2025-01-12 17:43:15,275 - INFO - 成功抓取文章: 《“骗骗”喜欢你》发布正片片段 (热度: 316873)
2025-01-12 17:43:15,275 - INFO - 成功抓取文章: 被小朋友的这段话治愈了 (热度: 286718)
2025-01-12 17:43:15,275 - INFO - 成功抓取文章: 广东天气干到破纪录 (热度: 259433)
2025-01-12 17:43:15,275 - INFO - 成功抓取文章: 美副防长：对付苏联那套对华行不通 (热度: 234745)
2025-01-12 17:43:15,275 - INFO - 成功抓取文章: 胡塞称第5次袭击美军杜鲁门号航母 (热度: 212406)
2025-01-12 17:43:15,275 - INFO - 成功抓取文章: 沪上阿姨已获境外上市备案通知书 (热度: 192193)
2025-01-12 17:43:15,275 - INFO - 成功抓取文章: 象棋录音门调查结果公布 (热度: 173903)
2025-01-12 17:43:15,275 - INFO - 成功抓取文章: 多部门权威回应近期流感问题 (热度: 157354)
2025-01-12 17:43:15,275 - INFO - 成功抓取文章: 男子驾车撞到石墩后跑向公司打卡 (热度: 142380)
2025-01-12 17:43:15,275 - INFO - 成功抓取文章: 王祉怡获马来西亚公开赛女单亚军 (热度: 128831)
2025-01-12 17:43:15,275 - INFO - 成功抓取文章: 原声感受现场山呼海啸般的“肖战” (热度: 116571)
2025-01-12 17:43:15,276 - INFO - 成功抓取文章: 香港元朗鸡公岭发生山火 (热度: 105477)
2025-01-12 17:43:15,276 - INFO - 成功抓取文章: 周深现场吃瓜发现镜头切到自己 (热度: 95440)
2025-01-12 17:43:15,276 - INFO - 成功抓取文章: 郑钦文：给今天的表现打70分 (热度: 86358)
2025-01-12 17:43:15,276 - INFO - 成功抓取文章: 周鸿t准备给粉丝送车 (热度: 78139)
2025-01-12 17:43:15,276 - INFO - 成功抓取文章: 武汉疾控：不建议自行服用抗流感药 (热度: 70703)
2025-01-12 17:43:15,276 - INFO - 成功抓取文章: 粉丝吊着帽子网球请郑钦文签名 (热度: 63975)
2025-01-12 17:43:15,319 - INFO - 数据已保存到 D:\头条爬虫demo\toutiao_articles.xlsx
2025-01-12 17:43:15,319 - INFO - URL示例: =HYPERLINK("https://www.toutiao.com/trending/7458659289143033906","点击查看")
2025-01-12 17:43:15,319 - INFO - 共爬取到 50 篇文章
